==14821== Memcheck, a memory error detector
==14821== Copyright (C) 2002-2015, and GNU GPL'd, by Julian Seward et al.
==14821== Using Valgrind-3.11.0 and LibVEX; rerun with -h for copyright info
==14821== Command: bin/discordiador
==14821== Parent PID: 14820
==14821== 
==14821== Invalid free() / delete / delete[] / realloc()
==14821==    at 0x402D358: free (in /usr/lib/valgrind/vgpreload_memcheck-x86-linux.so)
==14821==    by 0x804A1C5: liberar_input (tripulante.c:348)
==14821==    by 0x804A5B2: main (discordiador.c:136)
==14821==  Address 0x42c1a30 is 0 bytes inside a block of size 3 free'd
==14821==    at 0x402D358: free (in /usr/lib/valgrind/vgpreload_memcheck-x86-linux.so)
==14821==    by 0x8049734: mapStringToEnum (consola.c:27)
==14821==    by 0x804A3C1: main (discordiador.c:62)
==14821==  Block was alloc'd at
==14821==    at 0x402C17C: malloc (in /usr/lib/valgrind/vgpreload_memcheck-x86-linux.so)
==14821==    by 0x41322C5: strdup (strdup.c:42)
==14821==    by 0x4054287: string_duplicate (in /usr/lib/libcommons.so)
==14821==    by 0x4054D30: _string_split (in /usr/lib/libcommons.so)
==14821==    by 0x40547DC: string_split (in /usr/lib/libcommons.so)
==14821==    by 0x804A3AD: main (discordiador.c:59)
==14821== 
==14821== Thread 4:
==14821== Invalid free() / delete / delete[] / realloc()
==14821==    at 0x402D358: free (in /usr/lib/valgrind/vgpreload_memcheck-x86-linux.so)
==14821==    by 0x804988F: rutina_tripulante (tripulante.c:42)
==14821==    by 0x40A6294: start_thread (pthread_create.c:333)
==14821==    by 0x41A40AD: clone (clone.S:114)
==14821==  Address 0x804bbf3 is in a r-x mapped file /home/utnso/tp-2021-1c-cualquier-cosa/discordiador/bin/discordiador segment
==14821== 
==14821== 
==14821== HEAP SUMMARY:
==14821==     in use at exit: 70,022 bytes in 456 blocks
==14821==   total heap usage: 7,522 allocs, 7,093 frees, 267,410 bytes allocated
==14821== 
==14821== Thread 1:
==14821== 48 bytes in 6 blocks are definitely lost in loss record 26 of 73
==14821==    at 0x402E2CC: realloc (in /usr/lib/valgrind/vgpreload_memcheck-x86-linux.so)
==14821==    by 0x4054DAD: _string_split (in /usr/lib/libcommons.so)
==14821==    by 0x40547DC: string_split (in /usr/lib/libcommons.so)
==14821==    by 0x804A3AD: main (discordiador.c:59)
==14821== 
==14821== 72 bytes in 3 blocks are definitely lost in loss record 30 of 73
==14821==    at 0x402E2CC: realloc (in /usr/lib/valgrind/vgpreload_memcheck-x86-linux.so)
==14821==    by 0x4054DAD: _string_split (in /usr/lib/libcommons.so)
==14821==    by 0x40547DC: string_split (in /usr/lib/libcommons.so)
==14821==    by 0x804A3FF: main (discordiador.c:66)
==14821== 
==14821== 96 (72 direct, 24 indirect) bytes in 6 blocks are definitely lost in loss record 36 of 73
==14821==    at 0x402E2CC: realloc (in /usr/lib/valgrind/vgpreload_memcheck-x86-linux.so)
==14821==    by 0x4054DAD: _string_split (in /usr/lib/libcommons.so)
==14821==    by 0x40547DC: string_split (in /usr/lib/libcommons.so)
==14821==    by 0x804AB91: obtener_parametros (discordiador.c:322)
==14821==    by 0x804A410: main (discordiador.c:68)
==14821== 
==14821== 136 bytes in 1 blocks are possibly lost in loss record 38 of 73
==14821==    at 0x402E0B8: calloc (in /usr/lib/valgrind/vgpreload_memcheck-x86-linux.so)
==14821==    by 0x4011726: allocate_dtv (dl-tls.c:322)
==14821==    by 0x401214B: _dl_allocate_tls (dl-tls.c:539)
==14821==    by 0x40A6CC3: allocate_stack (allocatestack.c:588)
==14821==    by 0x40A6CC3: pthread_create@@GLIBC_2.1 (pthread_create.c:539)
==14821==    by 0x804927A: inicializar_planificador (planificador.c:30)
==14821==    by 0x804A38D: main (discordiador.c:49)
==14821== 
==14821== 136 bytes in 1 blocks are possibly lost in loss record 39 of 73
==14821==    at 0x402E0B8: calloc (in /usr/lib/valgrind/vgpreload_memcheck-x86-linux.so)
==14821==    by 0x4011726: allocate_dtv (dl-tls.c:322)
==14821==    by 0x401214B: _dl_allocate_tls (dl-tls.c:539)
==14821==    by 0x40A6CC3: allocate_stack (allocatestack.c:588)
==14821==    by 0x40A6CC3: pthread_create@@GLIBC_2.1 (pthread_create.c:539)
==14821==    by 0x804928F: inicializar_planificador (planificador.c:31)
==14821==    by 0x804A38D: main (discordiador.c:49)
==14821== 
==14821== 240 bytes in 24 blocks are definitely lost in loss record 46 of 73
==14821==    at 0x402E2CC: realloc (in /usr/lib/valgrind/vgpreload_memcheck-x86-linux.so)
==14821==    by 0x4054DAD: _string_split (in /usr/lib/libcommons.so)
==14821==    by 0x40547DC: string_split (in /usr/lib/libcommons.so)
==14821==    by 0x80499E4: ejecutar (tripulante.c:72)
==14821==    by 0x8049878: rutina_tripulante (tripulante.c:39)
==14821==    by 0x40A6294: start_thread (pthread_create.c:333)
==14821==    by 0x41A40AD: clone (clone.S:114)
==14821== 
==14821== 480 bytes in 24 blocks are definitely lost in loss record 50 of 73
==14821==    at 0x402E2CC: realloc (in /usr/lib/valgrind/vgpreload_memcheck-x86-linux.so)
==14821==    by 0x4054DAD: _string_split (in /usr/lib/libcommons.so)
==14821==    by 0x40547DC: string_split (in /usr/lib/libcommons.so)
==14821==    by 0x8049954: ejecutar (tripulante.c:62)
==14821==    by 0x8049878: rutina_tripulante (tripulante.c:39)
==14821==    by 0x40A6294: start_thread (pthread_create.c:333)
==14821==    by 0x41A40AD: clone (clone.S:114)
==14821== 
==14821== 1,632 bytes in 12 blocks are possibly lost in loss record 62 of 73
==14821==    at 0x402E0B8: calloc (in /usr/lib/valgrind/vgpreload_memcheck-x86-linux.so)
==14821==    by 0x4011726: allocate_dtv (dl-tls.c:322)
==14821==    by 0x401214B: _dl_allocate_tls (dl-tls.c:539)
==14821==    by 0x40A6CC3: allocate_stack (allocatestack.c:588)
==14821==    by 0x40A6CC3: pthread_create@@GLIBC_2.1 (pthread_create.c:539)
==14821==    by 0x804981E: crear_tripulante (tripulante.c:22)
==14821==    by 0x804A7B1: iniciar_patota (discordiador.c:192)
==14821==    by 0x804A4EF: main (discordiador.c:97)
==14821== 
==14821== LEAK SUMMARY:
==14821==    definitely lost: 912 bytes in 63 blocks
==14821==    indirectly lost: 24 bytes in 12 blocks
==14821==      possibly lost: 1,904 bytes in 14 blocks
==14821==    still reachable: 67,182 bytes in 367 blocks
==14821==         suppressed: 0 bytes in 0 blocks
==14821== Reachable blocks (those to which a pointer was found) are not shown.
==14821== To see them, rerun with: --leak-check=full --show-leak-kinds=all
==14821== 
==14821== For counts of detected and suppressed errors, rerun with: -v
==14821== ERROR SUMMARY: 35 errors from 10 contexts (suppressed: 0 from 0)
